nohup: ignoring input
=== eps-prediction: eight_gaussians -> checkpoints/eight_gaussians_eps_seed0.pt ===
device=cuda  distribution=eight_gaussians  param=eps  steps=4000  seed=0
[step      0/4000] loss=0.96315  elapsed=0.2s
[step    100/4000] loss=0.58954  elapsed=0.5s
[step    200/4000] loss=0.35379  elapsed=0.8s
[step    300/4000] loss=0.36096  elapsed=1.1s
[step    400/4000] loss=0.36106  elapsed=1.3s
[step    500/4000] loss=0.36471  elapsed=1.6s
[step    600/4000] loss=0.35537  elapsed=1.9s
[step    700/4000] loss=0.37605  elapsed=2.2s
[step    800/4000] loss=0.42908  elapsed=2.4s
[step    900/4000] loss=0.32882  elapsed=2.8s
[step   1000/4000] loss=0.41793  elapsed=3.1s
[step   1100/4000] loss=0.31936  elapsed=3.4s
[step   1200/4000] loss=0.32778  elapsed=3.6s
[step   1300/4000] loss=0.40670  elapsed=3.9s
[step   1400/4000] loss=0.37579  elapsed=4.2s
[step   1500/4000] loss=0.34344  elapsed=4.5s
[step   1600/4000] loss=0.37199  elapsed=4.8s
[step   1700/4000] loss=0.32085  elapsed=5.1s
[step   1800/4000] loss=0.39971  elapsed=5.4s
[step   1900/4000] loss=0.32350  elapsed=5.7s
[step   2000/4000] loss=0.34898  elapsed=6.0s
[step   2100/4000] loss=0.35986  elapsed=6.2s
[step   2200/4000] loss=0.37616  elapsed=6.5s
[step   2300/4000] loss=0.31907  elapsed=6.8s
[step   2400/4000] loss=0.34418  elapsed=7.0s
[step   2500/4000] loss=0.39067  elapsed=7.3s
[step   2600/4000] loss=0.38137  elapsed=7.6s
[step   2700/4000] loss=0.32985  elapsed=8.0s
[step   2800/4000] loss=0.32840  elapsed=8.3s
[step   2900/4000] loss=0.36123  elapsed=8.7s
[step   3000/4000] loss=0.37650  elapsed=8.9s
[step   3100/4000] loss=0.33855  elapsed=9.2s
[step   3200/4000] loss=0.34860  elapsed=9.6s
[step   3300/4000] loss=0.32923  elapsed=9.8s
[step   3400/4000] loss=0.33874  elapsed=10.1s
[step   3500/4000] loss=0.40199  elapsed=10.3s
[step   3600/4000] loss=0.38161  elapsed=10.6s
[step   3700/4000] loss=0.38191  elapsed=10.9s
[step   3800/4000] loss=0.31357  elapsed=11.2s
[step   3900/4000] loss=0.33628  elapsed=11.5s
[step   3999/4000] loss=0.28851  elapsed=11.7s
Saved checkpoint to checkpoints/eight_gaussians_eps_seed0.pt
Saved loss log to checkpoints/eight_gaussians_eps_seed0_losses.csv
Saved loss curve to /teamspace/studios/this_studio/generative-flows-animations/lab3-generative-2d/outputs/sanity_checks/eight_gaussians_eps_seed0_loss_curve.png
=== eps-prediction: two_moons -> checkpoints/two_moons_eps_seed0.pt ===
device=cuda  distribution=two_moons  param=eps  steps=4000  seed=0
[step      0/4000] loss=0.96302  elapsed=0.2s
[step    100/4000] loss=0.56603  elapsed=0.5s
[step    200/4000] loss=0.37243  elapsed=0.9s
[step    300/4000] loss=0.35039  elapsed=1.2s
[step    400/4000] loss=0.38013  elapsed=1.5s
[step    500/4000] loss=0.34436  elapsed=1.8s
[step    600/4000] loss=0.34831  elapsed=2.1s
[step    700/4000] loss=0.33789  elapsed=2.4s
[step    800/4000] loss=0.39731  elapsed=2.6s
[step    900/4000] loss=0.31583  elapsed=3.0s
[step   1000/4000] loss=0.38722  elapsed=3.3s
[step   1100/4000] loss=0.27408  elapsed=3.5s
[step   1200/4000] loss=0.31581  elapsed=3.8s
[step   1300/4000] loss=0.35495  elapsed=4.0s
[step   1400/4000] loss=0.34176  elapsed=4.3s
[step   1500/4000] loss=0.31778  elapsed=4.6s
[step   1600/4000] loss=0.34934  elapsed=4.9s
[step   1700/4000] loss=0.29214  elapsed=5.2s
[step   1800/4000] loss=0.34850  elapsed=5.4s
[step   1900/4000] loss=0.28277  elapsed=5.6s
[step   2000/4000] loss=0.28924  elapsed=5.9s
[step   2100/4000] loss=0.37230  elapsed=6.2s
[step   2200/4000] loss=0.32455  elapsed=6.5s
[step   2300/4000] loss=0.28899  elapsed=6.8s
[step   2400/4000] loss=0.32205  elapsed=7.0s
[step   2500/4000] loss=0.35788  elapsed=7.3s
[step   2600/4000] loss=0.33792  elapsed=7.6s
[step   2700/4000] loss=0.27704  elapsed=7.9s
[step   2800/4000] loss=0.27510  elapsed=8.2s
[step   2900/4000] loss=0.35674  elapsed=8.5s
[step   3000/4000] loss=0.32863  elapsed=8.8s
[step   3100/4000] loss=0.30363  elapsed=9.1s
[step   3200/4000] loss=0.30790  elapsed=9.3s
[step   3300/4000] loss=0.27408  elapsed=9.6s
[step   3400/4000] loss=0.32133  elapsed=9.9s
[step   3500/4000] loss=0.33383  elapsed=10.2s
[step   3600/4000] loss=0.34494  elapsed=10.4s
[step   3700/4000] loss=0.31221  elapsed=10.7s
[step   3800/4000] loss=0.30075  elapsed=11.0s
[step   3900/4000] loss=0.32107  elapsed=11.3s
[step   3999/4000] loss=0.26283  elapsed=11.6s
Saved checkpoint to checkpoints/two_moons_eps_seed0.pt
Saved loss log to checkpoints/two_moons_eps_seed0_losses.csv
Saved loss curve to /teamspace/studios/this_studio/generative-flows-animations/lab3-generative-2d/outputs/sanity_checks/two_moons_eps_seed0_loss_curve.png
=== eps-prediction: checkerboard -> checkpoints/checkerboard_eps_seed0.pt ===
device=cuda  distribution=checkerboard  param=eps  steps=4000  seed=0
[step      0/4000] loss=0.96174  elapsed=0.2s
[step    100/4000] loss=0.60036  elapsed=0.5s
[step    200/4000] loss=0.40460  elapsed=0.8s
[step    300/4000] loss=0.39130  elapsed=1.1s
[step    400/4000] loss=0.41859  elapsed=1.5s
[step    500/4000] loss=0.42120  elapsed=1.8s
[step    600/4000] loss=0.41412  elapsed=2.1s
[step    700/4000] loss=0.40786  elapsed=2.4s
[step    800/4000] loss=0.47758  elapsed=2.7s
[step    900/4000] loss=0.36497  elapsed=3.0s
[step   1000/4000] loss=0.46968  elapsed=3.2s
[step   1100/4000] loss=0.38489  elapsed=3.5s
[step   1200/4000] loss=0.37488  elapsed=3.8s
[step   1300/4000] loss=0.46657  elapsed=4.0s
[step   1400/4000] loss=0.43123  elapsed=4.4s
[step   1500/4000] loss=0.40574  elapsed=4.7s
[step   1600/4000] loss=0.41491  elapsed=5.0s
[step   1700/4000] loss=0.38075  elapsed=5.4s
[step   1800/4000] loss=0.48004  elapsed=5.7s
[step   1900/4000] loss=0.32739  elapsed=6.0s
[step   2000/4000] loss=0.41133  elapsed=6.3s
[step   2100/4000] loss=0.43045  elapsed=6.6s
[step   2200/4000] loss=0.42026  elapsed=6.8s
[step   2300/4000] loss=0.35906  elapsed=7.1s
[step   2400/4000] loss=0.40821  elapsed=7.4s
[step   2500/4000] loss=0.44825  elapsed=7.6s
[step   2600/4000] loss=0.41301  elapsed=7.9s
[step   2700/4000] loss=0.37492  elapsed=8.2s
[step   2800/4000] loss=0.38147  elapsed=8.5s
[step   2900/4000] loss=0.42161  elapsed=8.8s
[step   3000/4000] loss=0.40793  elapsed=9.1s
[step   3100/4000] loss=0.37213  elapsed=9.4s
[step   3200/4000] loss=0.41779  elapsed=9.7s
[step   3300/4000] loss=0.37424  elapsed=10.0s
[step   3400/4000] loss=0.39403  elapsed=10.3s
[step   3500/4000] loss=0.40719  elapsed=10.6s
[step   3600/4000] loss=0.44501  elapsed=10.9s
[step   3700/4000] loss=0.43346  elapsed=11.1s
[step   3800/4000] loss=0.37747  elapsed=11.5s
[step   3900/4000] loss=0.42162  elapsed=11.8s
[step   3999/4000] loss=0.35654  elapsed=12.1s
Saved checkpoint to checkpoints/checkerboard_eps_seed0.pt
Saved loss log to checkpoints/checkerboard_eps_seed0_losses.csv
Saved loss curve to /teamspace/studios/this_studio/generative-flows-animations/lab3-generative-2d/outputs/sanity_checks/checkerboard_eps_seed0_loss_curve.png
=== eps-prediction: pinwheel -> checkpoints/pinwheel_eps_seed0.pt ===
device=cuda  distribution=pinwheel  param=eps  steps=4000  seed=0
[step      0/4000] loss=0.96289  elapsed=0.2s
[step    100/4000] loss=0.42475  elapsed=0.5s
[step    200/4000] loss=0.31672  elapsed=0.8s
[step    300/4000] loss=0.28697  elapsed=1.0s
[step    400/4000] loss=0.36226  elapsed=1.4s
[step    500/4000] loss=0.30561  elapsed=1.6s
[step    600/4000] loss=0.31463  elapsed=1.9s
[step    700/4000] loss=0.33204  elapsed=2.2s
[step    800/4000] loss=0.38992  elapsed=2.5s
[step    900/4000] loss=0.27772  elapsed=2.8s
[step   1000/4000] loss=0.37117  elapsed=3.1s
[step   1100/4000] loss=0.30270  elapsed=3.4s
[step   1200/4000] loss=0.30103  elapsed=3.7s
[step   1300/4000] loss=0.36297  elapsed=4.0s
[step   1400/4000] loss=0.35346  elapsed=4.4s
[step   1500/4000] loss=0.32553  elapsed=4.6s
[step   1600/4000] loss=0.34343  elapsed=4.9s
[step   1700/4000] loss=0.27430  elapsed=5.2s
[step   1800/4000] loss=0.38169  elapsed=5.5s
[step   1900/4000] loss=0.30476  elapsed=5.8s
[step   2000/4000] loss=0.29563  elapsed=6.1s
[step   2100/4000] loss=0.33289  elapsed=6.4s
[step   2200/4000] loss=0.33553  elapsed=6.7s
[step   2300/4000] loss=0.29392  elapsed=7.0s
[step   2400/4000] loss=0.32704  elapsed=7.3s
[step   2500/4000] loss=0.35783  elapsed=7.5s
[step   2600/4000] loss=0.34742  elapsed=7.9s
[step   2700/4000] loss=0.31772  elapsed=8.2s
[step   2800/4000] loss=0.31263  elapsed=8.5s
[step   2900/4000] loss=0.36219  elapsed=8.8s
[step   3000/4000] loss=0.33561  elapsed=9.1s
[step   3100/4000] loss=0.31697  elapsed=9.4s
[step   3200/4000] loss=0.33632  elapsed=9.6s
[step   3300/4000] loss=0.29928  elapsed=9.9s
[step   3400/4000] loss=0.31103  elapsed=10.2s
[step   3500/4000] loss=0.33596  elapsed=10.5s
[step   3600/4000] loss=0.34874  elapsed=10.7s
[step   3700/4000] loss=0.35938  elapsed=11.0s
[step   3800/4000] loss=0.29434  elapsed=11.3s
[step   3900/4000] loss=0.33236  elapsed=11.6s
[step   3999/4000] loss=0.27129  elapsed=11.8s
Saved checkpoint to checkpoints/pinwheel_eps_seed0.pt
Saved loss log to checkpoints/pinwheel_eps_seed0_losses.csv
Saved loss curve to /teamspace/studios/this_studio/generative-flows-animations/lab3-generative-2d/outputs/sanity_checks/pinwheel_eps_seed0_loss_curve.png
=== v-prediction: eight_gaussians -> checkpoints/eight_gaussians_v_seed0.pt ===
device=cuda  distribution=eight_gaussians  param=v  steps=4000  seed=0
[step      0/4000] loss=3.80264  elapsed=0.2s
[step    100/4000] loss=3.22859  elapsed=0.6s
[step    200/4000] loss=3.22540  elapsed=0.9s
[step    300/4000] loss=3.32919  elapsed=1.2s
[step    400/4000] loss=3.02488  elapsed=1.6s
[step    500/4000] loss=3.16467  elapsed=2.0s
[step    600/4000] loss=3.04625  elapsed=2.2s
[step    700/4000] loss=3.23338  elapsed=2.5s
[step    800/4000] loss=3.00470  elapsed=2.8s
[step    900/4000] loss=3.22963  elapsed=3.1s
[step   1000/4000] loss=3.15168  elapsed=3.4s
[step   1100/4000] loss=3.00001  elapsed=3.6s
[step   1200/4000] loss=3.07872  elapsed=3.9s
[step   1300/4000] loss=3.04860  elapsed=4.2s
[step   1400/4000] loss=3.29651  elapsed=4.4s
[step   1500/4000] loss=2.99156  elapsed=4.7s
[step   1600/4000] loss=3.01759  elapsed=5.0s
[step   1700/4000] loss=3.13722  elapsed=5.2s
[step   1800/4000] loss=2.93088  elapsed=5.6s
[step   1900/4000] loss=2.99083  elapsed=5.9s
[step   2000/4000] loss=3.02677  elapsed=6.1s
[step   2100/4000] loss=3.11437  elapsed=6.4s
[step   2200/4000] loss=3.09143  elapsed=6.7s
[step   2300/4000] loss=2.94275  elapsed=7.0s
[step   2400/4000] loss=3.01723  elapsed=7.3s
[step   2500/4000] loss=3.00863  elapsed=7.6s
[step   2600/4000] loss=2.98218  elapsed=7.9s
[step   2700/4000] loss=3.09586  elapsed=8.1s
[step   2800/4000] loss=2.98921  elapsed=8.4s
[step   2900/4000] loss=3.08836  elapsed=8.7s
[step   3000/4000] loss=3.07158  elapsed=9.0s
[step   3100/4000] loss=3.00515  elapsed=9.2s
[step   3200/4000] loss=2.98412  elapsed=9.4s
[step   3300/4000] loss=2.91530  elapsed=9.7s
[step   3400/4000] loss=3.17274  elapsed=10.0s
[step   3500/4000] loss=3.02060  elapsed=10.3s
[step   3600/4000] loss=3.21380  elapsed=10.6s
[step   3700/4000] loss=3.06207  elapsed=10.9s
[step   3800/4000] loss=3.01727  elapsed=11.3s
[step   3900/4000] loss=2.87050  elapsed=11.6s
[step   3999/4000] loss=3.03324  elapsed=12.0s
Saved checkpoint to checkpoints/eight_gaussians_v_seed0.pt
Saved loss log to checkpoints/eight_gaussians_v_seed0_losses.csv
Saved loss curve to /teamspace/studios/this_studio/generative-flows-animations/lab3-generative-2d/outputs/sanity_checks/eight_gaussians_v_seed0_loss_curve.png
=== v-prediction: two_moons -> checkpoints/two_moons_v_seed0.pt ===
device=cuda  distribution=two_moons  param=v  steps=4000  seed=0
[step      0/4000] loss=5.09323  elapsed=0.2s
[step    100/4000] loss=3.55414  elapsed=0.5s
[step    200/4000] loss=3.70674  elapsed=0.7s
[step    300/4000] loss=3.49410  elapsed=1.1s
[step    400/4000] loss=3.26622  elapsed=1.4s
[step    500/4000] loss=3.26465  elapsed=1.6s
[step    600/4000] loss=3.16054  elapsed=2.0s
[step    700/4000] loss=3.40317  elapsed=2.2s
[step    800/4000] loss=3.02551  elapsed=2.5s
[step    900/4000] loss=3.48246  elapsed=2.7s
[step   1000/4000] loss=3.17306  elapsed=3.0s
[step   1100/4000] loss=3.10402  elapsed=3.2s
[step   1200/4000] loss=3.31303  elapsed=3.5s
[step   1300/4000] loss=3.27794  elapsed=3.7s
[step   1400/4000] loss=3.42344  elapsed=4.0s
[step   1500/4000] loss=3.15392  elapsed=4.3s
[step   1600/4000] loss=3.27039  elapsed=4.6s
[step   1700/4000] loss=3.35349  elapsed=4.9s
[step   1800/4000] loss=3.02199  elapsed=5.3s
[step   1900/4000] loss=3.19290  elapsed=5.5s
[step   2000/4000] loss=3.05914  elapsed=5.9s
[step   2100/4000] loss=3.40654  elapsed=6.2s
[step   2200/4000] loss=3.09464  elapsed=6.4s
[step   2300/4000] loss=2.85370  elapsed=6.7s
[step   2400/4000] loss=3.24695  elapsed=6.9s
[step   2500/4000] loss=3.37718  elapsed=7.2s
[step   2600/4000] loss=3.16164  elapsed=7.5s
[step   2700/4000] loss=3.15367  elapsed=7.7s
[step   2800/4000] loss=3.08190  elapsed=8.0s
[step   2900/4000] loss=3.31743  elapsed=8.3s
[step   3000/4000] loss=3.16464  elapsed=8.6s
[step   3100/4000] loss=3.11744  elapsed=8.9s
[step   3200/4000] loss=3.08816  elapsed=9.2s
[step   3300/4000] loss=2.88904  elapsed=9.4s
[step   3400/4000] loss=3.32974  elapsed=9.7s
[step   3500/4000] loss=2.93457  elapsed=10.0s
[step   3600/4000] loss=3.38295  elapsed=10.3s
[step   3700/4000] loss=3.04150  elapsed=10.6s
[step   3800/4000] loss=3.08117  elapsed=10.9s
[step   3900/4000] loss=3.06856  elapsed=11.2s
[step   3999/4000] loss=3.12101  elapsed=11.5s
Saved checkpoint to checkpoints/two_moons_v_seed0.pt
Saved loss log to checkpoints/two_moons_v_seed0_losses.csv
Saved loss curve to /teamspace/studios/this_studio/generative-flows-animations/lab3-generative-2d/outputs/sanity_checks/two_moons_v_seed0_loss_curve.png
=== v-prediction: checkerboard -> checkpoints/checkerboard_v_seed0.pt ===
device=cuda  distribution=checkerboard  param=v  steps=4000  seed=0
[step      0/4000] loss=4.31296  elapsed=0.2s
[step    100/4000] loss=3.66049  elapsed=0.6s
[step    200/4000] loss=3.84190  elapsed=0.8s
[step    300/4000] loss=3.65945  elapsed=1.1s
[step    400/4000] loss=3.77573  elapsed=1.4s
[step    500/4000] loss=3.60288  elapsed=1.7s
[step    600/4000] loss=3.51607  elapsed=1.9s
[step    700/4000] loss=3.46344  elapsed=2.2s
[step    800/4000] loss=3.47618  elapsed=2.5s
[step    900/4000] loss=3.64909  elapsed=2.8s
[step   1000/4000] loss=3.36449  elapsed=3.0s
[step   1100/4000] loss=3.54301  elapsed=3.3s
[step   1200/4000] loss=3.59343  elapsed=3.7s
[step   1300/4000] loss=3.54908  elapsed=4.0s
[step   1400/4000] loss=3.72384  elapsed=4.2s
[step   1500/4000] loss=3.74708  elapsed=4.6s
[step   1600/4000] loss=3.32410  elapsed=4.9s
[step   1700/4000] loss=3.40370  elapsed=5.2s
[step   1800/4000] loss=3.45087  elapsed=5.5s
[step   1900/4000] loss=3.34648  elapsed=5.8s
[step   2000/4000] loss=3.56522  elapsed=6.1s
[step   2100/4000] loss=3.62737  elapsed=6.4s
[step   2200/4000] loss=3.42186  elapsed=6.8s
[step   2300/4000] loss=3.34081  elapsed=7.1s
[step   2400/4000] loss=3.35087  elapsed=7.4s
[step   2500/4000] loss=3.37620  elapsed=7.6s
[step   2600/4000] loss=3.23247  elapsed=7.9s
[step   2700/4000] loss=3.38915  elapsed=8.3s
[step   2800/4000] loss=3.39188  elapsed=8.7s
[step   2900/4000] loss=3.55595  elapsed=9.0s
[step   3000/4000] loss=3.36104  elapsed=9.2s
[step   3100/4000] loss=3.18323  elapsed=9.6s
[step   3200/4000] loss=3.17003  elapsed=9.9s
[step   3300/4000] loss=3.45184  elapsed=10.2s
[step   3400/4000] loss=3.42527  elapsed=10.4s
[step   3500/4000] loss=3.39352  elapsed=10.7s
[step   3600/4000] loss=3.68286  elapsed=11.0s
[step   3700/4000] loss=3.63477  elapsed=11.2s
[step   3800/4000] loss=3.69578  elapsed=11.5s
[step   3900/4000] loss=3.33886  elapsed=11.8s
[step   3999/4000] loss=3.47581  elapsed=12.0s
Saved checkpoint to checkpoints/checkerboard_v_seed0.pt
Saved loss log to checkpoints/checkerboard_v_seed0_losses.csv
Saved loss curve to /teamspace/studios/this_studio/generative-flows-animations/lab3-generative-2d/outputs/sanity_checks/checkerboard_v_seed0_loss_curve.png
=== v-prediction: pinwheel -> checkpoints/pinwheel_v_seed0.pt ===
device=cuda  distribution=pinwheel  param=v  steps=4000  seed=0
[step      0/4000] loss=1.48266  elapsed=0.2s
[step    100/4000] loss=1.38964  elapsed=0.5s
[step    200/4000] loss=1.43477  elapsed=0.8s
[step    300/4000] loss=1.35694  elapsed=1.1s
[step    400/4000] loss=1.53372  elapsed=1.3s
[step    500/4000] loss=1.39725  elapsed=1.7s
[step    600/4000] loss=1.33621  elapsed=2.1s
[step    700/4000] loss=1.41413  elapsed=2.4s
[step    800/4000] loss=1.46715  elapsed=2.6s
[step    900/4000] loss=1.46698  elapsed=3.0s
[step   1000/4000] loss=1.44793  elapsed=3.2s
[step   1100/4000] loss=1.43335  elapsed=3.5s
[step   1200/4000] loss=1.47677  elapsed=3.8s
[step   1300/4000] loss=1.46402  elapsed=4.1s
[step   1400/4000] loss=1.48852  elapsed=4.4s
[step   1500/4000] loss=1.44781  elapsed=4.7s
[step   1600/4000] loss=1.45732  elapsed=5.0s
[step   1700/4000] loss=1.35172  elapsed=5.3s
[step   1800/4000] loss=1.44213  elapsed=5.6s
[step   1900/4000] loss=1.44515  elapsed=5.9s
[step   2000/4000] loss=1.38564  elapsed=6.2s
[step   2100/4000] loss=1.46195  elapsed=6.5s
[step   2200/4000] loss=1.34053  elapsed=6.8s
[step   2300/4000] loss=1.29971  elapsed=7.2s
[step   2400/4000] loss=1.35122  elapsed=7.4s
[step   2500/4000] loss=1.52610  elapsed=7.7s
[step   2600/4000] loss=1.42048  elapsed=8.1s
[step   2700/4000] loss=1.52055  elapsed=8.4s
[step   2800/4000] loss=1.39163  elapsed=8.7s
[step   2900/4000] loss=1.41643  elapsed=9.0s
[step   3000/4000] loss=1.47261  elapsed=9.2s
[step   3100/4000] loss=1.37653  elapsed=9.5s
[step   3200/4000] loss=1.42219  elapsed=9.8s
[step   3300/4000] loss=1.41771  elapsed=10.1s
[step   3400/4000] loss=1.48892  elapsed=10.3s
[step   3500/4000] loss=1.38279  elapsed=10.6s
[step   3600/4000] loss=1.51957  elapsed=10.9s
[step   3700/4000] loss=1.49737  elapsed=11.2s
[step   3800/4000] loss=1.38976  elapsed=11.5s
[step   3900/4000] loss=1.36671  elapsed=11.9s
[step   3999/4000] loss=1.43686  elapsed=12.2s
Saved checkpoint to checkpoints/pinwheel_v_seed0.pt
Saved loss log to checkpoints/pinwheel_v_seed0_losses.csv
Saved loss curve to /teamspace/studios/this_studio/generative-flows-animations/lab3-generative-2d/outputs/sanity_checks/pinwheel_v_seed0_loss_curve.png
=== flow matching: eight_gaussians -> checkpoints/eight_gaussians_flow_matching_seed0.pt ===
device=cuda distribution=eight_gaussians flow_matching steps=4000 seed=0
[step      0/4000] loss=5.67671 elapsed=0.3s
[step    100/4000] loss=4.05968 elapsed=0.5s
[step    200/4000] loss=3.63462 elapsed=0.8s
[step    300/4000] loss=3.41210 elapsed=1.1s
[step    400/4000] loss=3.45686 elapsed=1.4s
[step    500/4000] loss=3.15112 elapsed=1.6s
[step    600/4000] loss=3.03147 elapsed=1.9s
[step    700/4000] loss=3.16812 elapsed=2.2s
[step    800/4000] loss=3.20722 elapsed=2.4s
[step    900/4000] loss=3.16695 elapsed=2.7s
[step   1000/4000] loss=3.07926 elapsed=2.9s
[step   1100/4000] loss=3.05764 elapsed=3.2s
[step   1200/4000] loss=3.14921 elapsed=3.4s
[step   1300/4000] loss=3.22653 elapsed=3.7s
[step   1400/4000] loss=3.13021 elapsed=3.9s
[step   1500/4000] loss=3.15239 elapsed=4.2s
[step   1600/4000] loss=3.12337 elapsed=4.4s
[step   1700/4000] loss=3.00563 elapsed=4.8s
[step   1800/4000] loss=2.96463 elapsed=5.1s
[step   1900/4000] loss=3.18745 elapsed=5.4s
[step   2000/4000] loss=2.96971 elapsed=5.6s
[step   2100/4000] loss=3.08020 elapsed=5.9s
[step   2200/4000] loss=3.23701 elapsed=6.1s
[step   2300/4000] loss=2.89106 elapsed=6.4s
[step   2400/4000] loss=3.14407 elapsed=6.6s
[step   2500/4000] loss=2.82413 elapsed=6.9s
[step   2600/4000] loss=3.23635 elapsed=7.1s
[step   2700/4000] loss=3.07639 elapsed=7.4s
[step   2800/4000] loss=2.95680 elapsed=7.6s
[step   2900/4000] loss=3.31847 elapsed=7.9s
[step   3000/4000] loss=2.80222 elapsed=8.1s
[step   3100/4000] loss=3.41148 elapsed=8.3s
[step   3200/4000] loss=3.31833 elapsed=8.6s
[step   3300/4000] loss=3.05081 elapsed=8.9s
[step   3400/4000] loss=2.76040 elapsed=9.1s
[step   3500/4000] loss=2.97543 elapsed=9.3s
[step   3600/4000] loss=3.01710 elapsed=9.5s
[step   3700/4000] loss=2.81542 elapsed=9.7s
[step   3800/4000] loss=2.94590 elapsed=10.0s
[step   3900/4000] loss=3.13998 elapsed=10.2s
[step   3999/4000] loss=2.96689 elapsed=10.4s
Saved checkpoint to checkpoints/eight_gaussians_flow_matching_seed0.pt
Saved loss log to checkpoints/eight_gaussians_flow_matching_seed0_losses.csv
Saved loss curve to /teamspace/studios/this_studio/generative-flows-animations/lab3-generative-2d/outputs/sanity_checks/eight_gaussians_flow_matching_seed0_loss_curve.png
=== flow matching: two_moons -> checkpoints/two_moons_flow_matching_seed0.pt ===
device=cuda distribution=two_moons flow_matching steps=4000 seed=0
[step      0/4000] loss=6.97425 elapsed=0.2s
[step    100/4000] loss=4.09688 elapsed=0.5s
[step    200/4000] loss=3.78402 elapsed=0.7s
[step    300/4000] loss=3.24226 elapsed=0.9s
[step    400/4000] loss=3.34337 elapsed=1.2s
[step    500/4000] loss=3.04413 elapsed=1.4s
[step    600/4000] loss=3.18984 elapsed=1.6s
[step    700/4000] loss=2.87854 elapsed=1.8s
[step    800/4000] loss=3.09108 elapsed=2.1s
[step    900/4000] loss=3.08681 elapsed=2.3s
[step   1000/4000] loss=2.92916 elapsed=2.5s
[step   1100/4000] loss=2.97725 elapsed=2.7s
[step   1200/4000] loss=3.14155 elapsed=3.0s
[step   1300/4000] loss=3.25687 elapsed=3.2s
[step   1400/4000] loss=3.10602 elapsed=3.4s
[step   1500/4000] loss=2.85170 elapsed=3.7s
[step   1600/4000] loss=3.31517 elapsed=3.9s
[step   1700/4000] loss=2.98736 elapsed=4.1s
[step   1800/4000] loss=2.89598 elapsed=4.4s
[step   1900/4000] loss=3.16364 elapsed=4.6s
[step   2000/4000] loss=2.91550 elapsed=4.8s
[step   2100/4000] loss=2.81477 elapsed=5.0s
[step   2200/4000] loss=3.12662 elapsed=5.3s
[step   2300/4000] loss=2.93043 elapsed=5.6s
[step   2400/4000] loss=2.94657 elapsed=5.8s
[step   2500/4000] loss=2.70946 elapsed=6.1s
[step   2600/4000] loss=3.05054 elapsed=6.3s
[step   2700/4000] loss=2.85800 elapsed=6.5s
[step   2800/4000] loss=2.79751 elapsed=6.7s
[step   2900/4000] loss=3.30729 elapsed=7.0s
[step   3000/4000] loss=2.73285 elapsed=7.2s
[step   3100/4000] loss=3.12552 elapsed=7.5s
[step   3200/4000] loss=3.12173 elapsed=7.7s
[step   3300/4000] loss=2.67097 elapsed=7.9s
[step   3400/4000] loss=2.70281 elapsed=8.1s
[step   3500/4000] loss=2.88247 elapsed=8.3s
[step   3600/4000] loss=2.95623 elapsed=8.6s
[step   3700/4000] loss=2.97854 elapsed=8.8s
[step   3800/4000] loss=2.80674 elapsed=9.0s
[step   3900/4000] loss=2.82677 elapsed=9.4s
[step   3999/4000] loss=2.75183 elapsed=9.6s
Saved checkpoint to checkpoints/two_moons_flow_matching_seed0.pt
Saved loss log to checkpoints/two_moons_flow_matching_seed0_losses.csv
Saved loss curve to /teamspace/studios/this_studio/generative-flows-animations/lab3-generative-2d/outputs/sanity_checks/two_moons_flow_matching_seed0_loss_curve.png
=== flow matching: checkerboard -> checkpoints/checkerboard_flow_matching_seed0.pt ===
device=cuda distribution=checkerboard flow_matching steps=4000 seed=0
[step      0/4000] loss=6.26974 elapsed=0.2s
[step    100/4000] loss=4.32480 elapsed=0.5s
[step    200/4000] loss=3.89181 elapsed=0.7s
[step    300/4000] loss=3.80236 elapsed=1.0s
[step    400/4000] loss=3.90100 elapsed=1.3s
[step    500/4000] loss=3.45153 elapsed=1.6s
[step    600/4000] loss=3.74714 elapsed=1.9s
[step    700/4000] loss=3.36353 elapsed=2.1s
[step    800/4000] loss=3.76377 elapsed=2.4s
[step    900/4000] loss=3.12897 elapsed=2.6s
[step   1000/4000] loss=3.45427 elapsed=2.9s
[step   1100/4000] loss=3.55634 elapsed=3.2s
[step   1200/4000] loss=3.42623 elapsed=3.4s
[step   1300/4000] loss=3.55767 elapsed=3.7s
[step   1400/4000] loss=3.62623 elapsed=3.9s
[step   1500/4000] loss=3.22710 elapsed=4.2s
[step   1600/4000] loss=3.82513 elapsed=4.4s
[step   1700/4000] loss=3.48663 elapsed=4.8s
[step   1800/4000] loss=3.52794 elapsed=5.1s
[step   1900/4000] loss=3.47845 elapsed=5.4s
[step   2000/4000] loss=3.23800 elapsed=5.6s
[step   2100/4000] loss=3.50595 elapsed=5.9s
[step   2200/4000] loss=3.70263 elapsed=6.2s
[step   2300/4000] loss=3.21104 elapsed=6.4s
[step   2400/4000] loss=3.44036 elapsed=6.6s
[step   2500/4000] loss=3.07611 elapsed=6.9s
[step   2600/4000] loss=3.56547 elapsed=7.1s
[step   2700/4000] loss=3.46868 elapsed=7.3s
[step   2800/4000] loss=3.58294 elapsed=7.6s
[step   2900/4000] loss=3.58435 elapsed=7.8s
[step   3000/4000] loss=2.93815 elapsed=8.1s
[step   3100/4000] loss=3.69078 elapsed=8.4s
[step   3200/4000] loss=3.47262 elapsed=8.6s
[step   3300/4000] loss=3.32844 elapsed=8.9s
[step   3400/4000] loss=3.28507 elapsed=9.1s
[step   3500/4000] loss=3.30617 elapsed=9.4s
[step   3600/4000] loss=3.38041 elapsed=9.6s
[step   3700/4000] loss=3.40656 elapsed=9.9s
[step   3800/4000] loss=3.49369 elapsed=10.1s
[step   3900/4000] loss=3.46891 elapsed=10.4s
[step   3999/4000] loss=3.32713 elapsed=10.6s
Saved checkpoint to checkpoints/checkerboard_flow_matching_seed0.pt
Saved loss log to checkpoints/checkerboard_flow_matching_seed0_losses.csv
Saved loss curve to /teamspace/studios/this_studio/generative-flows-animations/lab3-generative-2d/outputs/sanity_checks/checkerboard_flow_matching_seed0_loss_curve.png
=== flow matching: pinwheel -> checkpoints/pinwheel_flow_matching_seed0.pt ===
device=cuda distribution=pinwheel flow_matching steps=4000 seed=0
[step      0/4000] loss=2.40464 elapsed=0.2s
[step    100/4000] loss=2.38048 elapsed=0.5s
[step    200/4000] loss=1.95297 elapsed=0.8s
[step    300/4000] loss=1.89609 elapsed=1.0s
[step    400/4000] loss=2.14024 elapsed=1.3s
[step    500/4000] loss=2.01301 elapsed=1.5s
[step    600/4000] loss=1.96463 elapsed=1.8s
[step    700/4000] loss=1.83057 elapsed=2.0s
[step    800/4000] loss=2.24039 elapsed=2.2s
[step    900/4000] loss=1.82430 elapsed=2.5s
[step   1000/4000] loss=1.94397 elapsed=2.8s
[step   1100/4000] loss=2.07626 elapsed=3.0s
[step   1200/4000] loss=1.88981 elapsed=3.3s
[step   1300/4000] loss=2.02613 elapsed=3.5s
[step   1400/4000] loss=1.95430 elapsed=3.8s
[step   1500/4000] loss=1.94545 elapsed=4.0s
[step   1600/4000] loss=2.00289 elapsed=4.2s
[step   1700/4000] loss=2.04088 elapsed=4.5s
[step   1800/4000] loss=2.06752 elapsed=4.8s
[step   1900/4000] loss=2.10532 elapsed=5.0s
[step   2000/4000] loss=1.90816 elapsed=5.2s
[step   2100/4000] loss=1.97545 elapsed=5.5s
[step   2200/4000] loss=1.97328 elapsed=5.8s
[step   2300/4000] loss=1.79397 elapsed=6.0s
[step   2400/4000] loss=1.99451 elapsed=6.3s
[step   2500/4000] loss=1.97921 elapsed=6.5s
[step   2600/4000] loss=2.08561 elapsed=6.8s
[step   2700/4000] loss=1.95146 elapsed=7.0s
[step   2800/4000] loss=1.90680 elapsed=7.3s
[step   2900/4000] loss=2.06546 elapsed=7.5s
[step   3000/4000] loss=1.85084 elapsed=7.8s
[step   3100/4000] loss=2.00208 elapsed=8.0s
[step   3200/4000] loss=2.16463 elapsed=8.3s
[step   3300/4000] loss=1.90356 elapsed=8.5s
[step   3400/4000] loss=2.01273 elapsed=8.7s
[step   3500/4000] loss=1.90551 elapsed=9.0s
[step   3600/4000] loss=1.98798 elapsed=9.3s
[step   3700/4000] loss=2.00848 elapsed=9.7s
[step   3800/4000] loss=2.00046 elapsed=9.9s
[step   3900/4000] loss=1.88527 elapsed=10.2s
[step   3999/4000] loss=1.88021 elapsed=10.5s
Saved checkpoint to checkpoints/pinwheel_flow_matching_seed0.pt
Saved loss log to checkpoints/pinwheel_flow_matching_seed0_losses.csv
Saved loss curve to /teamspace/studios/this_studio/generative-flows-animations/lab3-generative-2d/outputs/sanity_checks/pinwheel_flow_matching_seed0_loss_curve.png
All 12 runs complete.
